<?xml version="1.0" encoding="UTF-8" ?>
<testsuite errors="0" failures="0" hostname="DESKTOP-US2HG7B" name="com.AccountTestingSalesforce.RunnerSteps" skipped="0" tests="68" time="208.519" timestamp="2016-06-06T18:35:17">
  <properties>
[...]
</properties>
  <testcase classname="Scenario: TC001-Create and Edit Account by Firefox" name="Given I&apos;m  on login page with Firefox" time="0.001" />
  <testcase classname="Scenario: TC001-Create and Edit Account by Firefox" name="When I fill &quot;ACB&quot; for invalid Username" time="0.0" />
  <testcase classname="Scenario: TC001-Create and Edit Account by Firefox" name="And I fill &quot;ACB&quot; for invalid Password" time="0.0" />
  <testcase classname="Scenario: TC001-Create and Edit Account by Firefox" name="And I press &quot;Log in&quot; button" time="0.0" />
  <testcase classname="Scenario: TC001-Create and Edit Account by Firefox" name="And I verify error message" time="0.0" />
  <testcase classname="Scenario: TC001-Create and Edit Account by Firefox" name="And I fill &quot;khuongtran@hcmsfdg.vn&quot; for valid Username" time="0.0" />
  <testcase classname="Scenario: TC001-Create and Edit Account by Firefox" name="And I fill &quot;AtUk!0508@&quot; for valid Password" time="0.001" />
  <testcase classname="Scenario: TC001-Create and Edit Account by Firefox" name="And I press Log in button" time="0.0" />
  <testcase classname="Scenario: TC001-Create and Edit Account by Firefox" name="When I click on Account tab" time="0.0" />
  <testcase classname="Scenario: TC001-Create and Edit Account by Firefox" name="And I click on New button" time="0.0" />
  <testcase classname="Scenario: TC001-Create and Edit Account by Firefox" name="And I fill in data into madatory fields and some fields" time="0.0" />
  <testcase classname="Scenario: TC001-Create and Edit Account by Firefox" name="And I click on Save button" time="0.0" />
  <testcase classname="Scenario: TC001-Create and Edit Account by Firefox" name="And I click on Edit button" time="0.0" />
  <testcase classname="Scenario: TC001-Create and Edit Account by Firefox" name="And I edit data into madatory fields and some fields" time="0.0" />
  <testcase classname="Scenario: TC001-Create and Edit Account by Firefox" name="And I save edtion" time="0.0" />
  <testcase classname="Scenario: TC001-Create and Edit Account by Firefox" name="And I lougout Sales Appication in Salesforce" time="0.0" />
  <testcase classname="Scenario: TC001-Create and Edit Account by Firefox" name="Then I see all edited data is changed" time="0.0" />
  <testcase classname="junit.framework.TestSuite" name="Scenario: TC001-Create and Edit Account by Firefox" time="89.876" />
  <testcase classname="Scenario: TC002-Create and Edit Account by Chrome" name="Given I&apos;m  on login page with Chrome" time="0.0" />
  <testcase classname="Scenario: TC002-Create and Edit Account by Chrome" name="When I fill &quot;ACB&quot; for invalid Username by Chrome" time="0.0" />
  <testcase classname="Scenario: TC002-Create and Edit Account by Chrome" name="And I fill &quot;ACB&quot; for invalid Password by Chrome" time="0.0" />
  <testcase classname="Scenario: TC002-Create and Edit Account by Chrome" name="And I press &quot;Log in&quot; button by Chrome" time="0.0" />
  <testcase classname="Scenario: TC002-Create and Edit Account by Chrome" name="And I verify error message by Chrome" time="0.0" />
  <testcase classname="Scenario: TC002-Create and Edit Account by Chrome" name="And I fill &quot;khuongtran@hcmsfdg.vn&quot; for valid Username by Chrome" time="0.0" />
  <testcase classname="Scenario: TC002-Create and Edit Account by Chrome" name="And I fill &quot;AtUk!0508@&quot; for valid Password by Chrome" time="0.0" />
  <testcase classname="Scenario: TC002-Create and Edit Account by Chrome" name="And I press Log in button by Chrome" time="0.0" />
  <testcase classname="Scenario: TC002-Create and Edit Account by Chrome" name="When I click on Account tab by Chrome" time="0.0" />
  <testcase classname="Scenario: TC002-Create and Edit Account by Chrome" name="And I click on New button by Chrome" time="0.0" />
  <testcase classname="Scenario: TC002-Create and Edit Account by Chrome" name="And I fill in data into madatory fields and some fields by Chrome" time="0.0" />
  <testcase classname="Scenario: TC002-Create and Edit Account by Chrome" name="And I click on Save button by Chrome" time="0.0" />
  <testcase classname="Scenario: TC002-Create and Edit Account by Chrome" name="And I click on Edit button by Chrome" time="0.0" />
  <testcase classname="Scenario: TC002-Create and Edit Account by Chrome" name="And I edit data into madatory fields and some fields by Chrome" time="0.0" />
  <testcase classname="Scenario: TC002-Create and Edit Account by Chrome" name="And I save edtion by Chrome" time="0.0" />
  <testcase classname="Scenario: TC002-Create and Edit Account by Chrome" name="And I lougout Sales Appication in Salesforce by Chrome" time="0.0" />
  <testcase classname="Scenario: TC002-Create and Edit Account by Chrome" name="Then I see all edited data is changed by Chrome" time="0.0" />
  <testcase classname="junit.framework.TestSuite" name="Scenario: TC002-Create and Edit Account by Chrome" time="117.956" />
  <system-out><![CDATA[Feature: Account Funtion
Account create successfully

  Scenario: TC001-Create and Edit Account by Firefox        [90m# sfAccount.feature:3[0m
    [32mGiven [0m[32mI'm  on login page with Firefox[0m                   [90m# AccountFunctionSteps.i_m_on_login_page_with_Firefox()[0m
    [32mWhen [0m[32mI fill "[0m[32m[1mACB[0m[32m" for invalid Username[0m                  [90m# AccountFunctionSteps.i_fill_for_invalid_Username(String)[0m
    [32mAnd [0m[32mI fill "[0m[32m[1mACB[0m[32m" for invalid Password[0m                   [90m# AccountFunctionSteps.i_fill_for_invalid_Password(String)[0m
    [32mAnd [0m[32mI press "[0m[32m[1mLog in[0m[32m" button[0m                             [90m# AccountFunctionSteps.i_press_button(String)[0m
    [32mAnd [0m[32mI verify error message[0m                              [90m# AccountFunctionSteps.i_verify_error_message()[0m
    [32mAnd [0m[32mI fill "[0m[32m[1mkhuongtran@hcmsfdg.vn[0m[32m" for valid Username[0m   [90m# AccountFunctionSteps.i_fill_for_valid_Username(String)[0m
    [32mAnd [0m[32mI fill "[0m[32m[1mAtUk!0508@[0m[32m" for valid Password[0m              [90m# AccountFunctionSteps.i_fill_for_valid_Password(String)[0m
    [32mAnd [0m[32mI press Log in button[0m                               [90m# AccountFunctionSteps.i_press_Log_in_button()[0m
    [32mWhen [0m[32mI click on Account tab[0m                             [90m# AccountFunctionSteps.i_click_on_Account_tab()[0m
    [32mAnd [0m[32mI click on New button[0m                               [90m# AccountFunctionSteps.i_click_on_New_button()[0m
    [32mAnd [0m[32mI fill in data into madatory fields and some fields[0m [90m# AccountFunctionSteps.i_fill_in_data_into_madatory_fields_and_some_fields(DataTable)[0m
    [32mAnd [0m[32mI click on Save button[0m                              [90m# AccountFunctionSteps.i_click_on_Save_button()[0m
    [32mAnd [0m[32mI click on Edit button[0m                              [90m# AccountFunctionSteps.i_click_on_Edit_button()[0m
    [32mAnd [0m[32mI edit data into madatory fields and some fields[0m    [90m# AccountFunctionSteps.i_edit_data_into_madatory_fields_and_some_fields(DataTable)[0m
    [32mAnd [0m[32mI save edtion[0m                                       [90m# AccountFunctionSteps.i_save_edtion()[0m
    [32mAnd [0m[32mI lougout Sales Appication in Salesforce[0m            [90m# AccountFunctionSteps.i_lougout_Sales_Appication_in_Salesforce()[0m
    [32mThen [0m[32mI see all edited data is changed[0m                   [90m# AccountFunctionSteps.i_see_all_edited_data_is_changed()[0m
Account create successfully

  Scenario: TC002-Create and Edit Account by Chrome                   [90m# sfAccount.feature:78[0m
    [32mGiven [0m[32mI'm  on login page with Chrome[0m                              [90m# AccountFunctionSteps.i_m_on_login_page_with_Chrome()[0m
    [32mWhen [0m[32mI fill "[0m[32m[1mACB[0m[32m" for invalid Username by Chrome[0m                  [90m# AccountFunctionSteps.i_fill_for_invalid_Username_by_Chrome(String)[0m
    [32mAnd [0m[32mI fill "[0m[32m[1mACB[0m[32m" for invalid Password by Chrome[0m                   [90m# AccountFunctionSteps.i_fill_for_invalid_Password_by_Chrome(String)[0m
    [32mAnd [0m[32mI press "[0m[32m[1mLog in[0m[32m" button by Chrome[0m                             [90m# AccountFunctionSteps.i_press_button_by_Chrome(String)[0m
    [32mAnd [0m[32mI verify error message by Chrome[0m                              [90m# AccountFunctionSteps.i_verify_error_message_by_Chrome()[0m
    [32mAnd [0m[32mI fill "[0m[32m[1mkhuongtran@hcmsfdg.vn[0m[32m" for valid Username by Chrome[0m   [90m# AccountFunctionSteps.i_fill_for_valid_Username_by_Chrome(String)[0m
    [32mAnd [0m[32mI fill "[0m[32m[1mAtUk!0508@[0m[32m" for valid Password by Chrome[0m              [90m# AccountFunctionSteps.i_fill_for_valid_Password_by_Chrome(String)[0m
    [32mAnd [0m[32mI press Log in button by Chrome[0m                               [90m# AccountFunctionSteps.i_press_Log_in_button_by_Chrome()[0m
    [32mWhen [0m[32mI click on Account tab by Chrome[0m                             [90m# AccountFunctionSteps.i_click_on_Account_tab_by_Chrome()[0m
    [32mAnd [0m[32mI click on New button by Chrome[0m                               [90m# AccountFunctionSteps.i_click_on_New_button_by_Chrome()[0m
    [32mAnd [0m[32mI fill in data into madatory fields and some fields by Chrome[0m [90m# AccountFunctionSteps.i_fill_in_data_into_madatory_fields_and_some_fields_by_Chrome(DataTable)[0m
    [32mAnd [0m[32mI click on Save button by Chrome[0m                              [90m# AccountFunctionSteps.i_click_on_Save_button_by_Chrome()[0m
    [32mAnd [0m[32mI click on Edit button by Chrome[0m                              [90m# AccountFunctionSteps.i_click_on_Edit_button_by_Chrome()[0m
    [32mAnd [0m[32mI edit data into madatory fields and some fields by Chrome[0m    [90m# AccountFunctionSteps.i_edit_data_into_madatory_fields_and_some_fields_by_Chrome(DataTable)[0m
    [32mAnd [0m[32mI save edtion by Chrome[0m                                       [90m# AccountFunctionSteps.i_save_edtion_by_Chrome()[0m
    [32mAnd [0m[32mI lougout Sales Appication in Salesforce by Chrome[0m            [90m# AccountFunctionSteps.i_lougout_Sales_Appication_in_Salesforce_by_Chrome()[0m
    [32mThen [0m[32mI see all edited data is changed by Chrome[0m                   [90m# AccountFunctionSteps.i_see_all_edited_data_is_changed_by_Chrome()[0m

2 Scenarios ([32m2 passed[0m)
34 Steps ([32m34 passed[0m)
3m27.291s

]]></system-out>
  <system-err><![CDATA[]]></system-err>
</testsuite>
